Target: HTML Help
Rebuild: No
Reading project data...
test project.docx
  Saving preprocessed document...
  Preparing HTML file...
  Processing HTML file...
chapter 2.docx
  Saving preprocessed document...
  Preparing HTML file...
  Processing HTML file...
test2.docx
  Saving preprocessed document...
  Preparing HTML file...
  Processing HTML file...
Glossary.docx
  Saving preprocessed document...
  Preparing HTML file...
  Processing HTML file...
test project.docx
  Writing output files...
chapter 2.docx
  Writing output files...
test2.docx
  Writing output files...
Glossary.docx
  Writing output files...
Building...
  Contents file...
  Index file...
  Invoking Microsoft HTML Help compiler...
Saving changes...
** Build Succeeded. Errors: 0. Warnings: 0. Broken links: 0.
