Target: NetHelp
Rebuild: Yes
Reading project data...
test project.docx
  Saving preprocessed document...
  Preparing HTML file...
  Processing HTML file...
chapter 2.docx
  Saving preprocessed document...
  Preparing HTML file...
  Processing HTML file...
Glossary.docx
  Saving preprocessed document...
  Preparing HTML file...
  Processing HTML file...
test project.docx
  Writing output files...
chapter 2.docx
  Writing output files...
Glossary.docx
  Writing output files...
Building...
  Index file...
  Help target...
Saving changes...
** Build Succeeded. Errors: 0. Warnings: 0. Broken links: 0.
Target: NetHelp
Rebuild: No
Reading project data...
Building...
  Index file...
  Help target...
Saving changes...
** Build Succeeded. Errors: 0. Warnings: 0. Broken links: 0.
Target: NetHelp
Rebuild: No
Reading project data...
Building...
  Index file...
  Help target...
Saving changes...
** Build Succeeded. Errors: 0. Warnings: 0. Broken links: 0.
